  Renderer.cpp
C:\Users\user\Desktop\final\glcode1\Kinect_Sample_Re\Renderer.cpp(36,24): warning C4244: '=': 'GLuint'에서 'GLfloat'(으)로 변환하면서 데이터가 손실될 수 있습니다.
C:\Users\user\Desktop\final\glcode1\Kinect_Sample_Re\Renderer.cpp(388,45): warning C4305: '초기화 중': 'double'에서 'GLfloat'(으)로 잘립니다.
C:\Users\user\Desktop\final\glcode1\Kinect_Sample_Re\Renderer.cpp(407,42): warning C4244: '=': 'double'에서 'float'(으)로 변환하면서 데이터가 손실될 수 있습니다.
C:\Users\user\Desktop\final\glcode1\Kinect_Sample_Re\Renderer.cpp(409,43): warning C4244: '=': 'double'에서 'float'(으)로 변환하면서 데이터가 손실될 수 있습니다.
C:\Users\user\Desktop\final\glcode1\Kinect_Sample_Re\Renderer.cpp(412,36): warning C4244: '인수': 'double'에서 'GLfloat'(으)로 변환하면서 데이터가 손실될 수 있습니다.
C:\Users\user\Desktop\final\glcode1\Kinect_Sample_Re\Renderer.cpp(412,20): warning C4244: '인수': 'double'에서 'GLfloat'(으)로 변환하면서 데이터가 손실될 수 있습니다.
C:\Users\user\Desktop\final\glcode1\Kinect_Sample_Re\Renderer.cpp(414,35): warning C4244: '인수': 'double'에서 'GLfloat'(으)로 변환하면서 데이터가 손실될 수 있습니다.
C:\Users\user\Desktop\final\glcode1\Kinect_Sample_Re\Renderer.cpp(414,20): warning C4244: '인수': 'double'에서 'GLfloat'(으)로 변환하면서 데이터가 손실될 수 있습니다.
C:\Users\user\Desktop\final\glcode1\Kinect_Sample_Re\Renderer.cpp(416,34): warning C4244: '인수': 'double'에서 'GLfloat'(으)로 변환하면서 데이터가 손실될 수 있습니다.
C:\Users\user\Desktop\final\glcode1\Kinect_Sample_Re\Renderer.cpp(416,19): warning C4244: '인수': 'double'에서 'GLfloat'(으)로 변환하면서 데이터가 손실될 수 있습니다.
C:\Users\user\Desktop\final\glcode1\Kinect_Sample_Re\Renderer.cpp(418,35): warning C4244: '인수': 'double'에서 'GLfloat'(으)로 변환하면서 데이터가 손실될 수 있습니다.
C:\Users\user\Desktop\final\glcode1\Kinect_Sample_Re\Renderer.cpp(418,19): warning C4244: '인수': 'double'에서 'GLfloat'(으)로 변환하면서 데이터가 손실될 수 있습니다.
C:\Users\user\Desktop\final\glcode1\Kinect_Sample_Re\Renderer.cpp(435,42): warning C4244: '=': 'double'에서 'float'(으)로 변환하면서 데이터가 손실될 수 있습니다.
C:\Users\user\Desktop\final\glcode1\Kinect_Sample_Re\Renderer.cpp(437,43): warning C4244: '=': 'double'에서 'float'(으)로 변환하면서 데이터가 손실될 수 있습니다.
C:\Users\user\Desktop\final\glcode1\Kinect_Sample_Re\Renderer.cpp(440,29): warning C4305: '인수': 'double'에서 'GLfloat'(으)로 잘립니다.
C:\Users\user\Desktop\final\glcode1\Kinect_Sample_Re\Renderer.cpp(442,29): warning C4305: '인수': 'double'에서 'GLfloat'(으)로 잘립니다.
C:\Users\user\Desktop\final\glcode1\Kinect_Sample_Re\Renderer.cpp(444,28): warning C4305: '인수': 'double'에서 'GLfloat'(으)로 잘립니다.
C:\Users\user\Desktop\final\glcode1\Kinect_Sample_Re\Renderer.cpp(446,28): warning C4305: '인수': 'double'에서 'GLfloat'(으)로 잘립니다.
C:\Users\user\Desktop\final\glcode1\Kinect_Sample_Re\Renderer.cpp(449,30): warning C4305: '인수': 'double'에서 'GLfloat'(으)로 잘립니다.
C:\Users\user\Desktop\final\glcode1\Kinect_Sample_Re\Renderer.cpp(451,29): warning C4305: '인수': 'double'에서 'GLfloat'(으)로 잘립니다.
C:\Users\user\Desktop\final\glcode1\Kinect_Sample_Re\Renderer.cpp(453,29): warning C4305: '인수': 'double'에서 'GLfloat'(으)로 잘립니다.
C:\Users\user\Desktop\final\glcode1\Kinect_Sample_Re\Renderer.cpp(455,30): warning C4305: '인수': 'double'에서 'GLfloat'(으)로 잘립니다.
C:\Users\user\Desktop\final\glcode1\Kinect_Sample_Re\Renderer.cpp(458,29): warning C4305: '인수': 'double'에서 'GLfloat'(으)로 잘립니다.
C:\Users\user\Desktop\final\glcode1\Kinect_Sample_Re\Renderer.cpp(460,28): warning C4305: '인수': 'double'에서 'GLfloat'(으)로 잘립니다.
C:\Users\user\Desktop\final\glcode1\Kinect_Sample_Re\Renderer.cpp(462,28): warning C4305: '인수': 'double'에서 'GLfloat'(으)로 잘립니다.
C:\Users\user\Desktop\final\glcode1\Kinect_Sample_Re\Renderer.cpp(464,29): warning C4305: '인수': 'double'에서 'GLfloat'(으)로 잘립니다.
C:\Users\user\Desktop\final\glcode1\Kinect_Sample_Re\Renderer.cpp(472,24): warning C4305: '인수': 'double'에서 'GLfloat'(으)로 잘립니다.
C:\Users\user\Desktop\final\glcode1\Kinect_Sample_Re\Renderer.cpp(376,19): warning C4101: 'm1' :참조되지 않은 지역 변수입니다.
C:\Users\user\Desktop\final\glcode1\Kinect_Sample_Re\Renderer.cpp(380,16): warning C4101: 'b' :참조되지 않은 지역 변수입니다.
C:\Users\user\Desktop\final\glcode1\Kinect_Sample_Re\Renderer.cpp(380,13): warning C4101: 'g' :참조되지 않은 지역 변수입니다.
C:\Users\user\Desktop\final\glcode1\Kinect_Sample_Re\Renderer.cpp(380,10): warning C4101: 'r' :참조되지 않은 지역 변수입니다.
C:\Users\user\Desktop\final\glcode1\Kinect_Sample_Re\Renderer.cpp(714,32): warning C4244: '=': 'double'에서 'float'(으)로 변환하면서 데이터가 손실될 수 있습니다.
C:\Users\user\Desktop\final\glcode1\Kinect_Sample_Re\Renderer.cpp(722,22): warning C4244: '=': 'float'에서 'int'(으)로 변환하면서 데이터가 손실될 수 있습니다.
C:\Users\user\Desktop\final\glcode1\Kinect_Sample_Re\Renderer.cpp(723,22): warning C4244: '=': 'float'에서 'int'(으)로 변환하면서 데이터가 손실될 수 있습니다.
C:\Users\user\Desktop\final\glcode1\Kinect_Sample_Re\Renderer.cpp(724,22): warning C4244: '=': 'float'에서 'int'(으)로 변환하면서 데이터가 손실될 수 있습니다.
C:\Users\user\Desktop\final\glcode1\Kinect_Sample_Re\Renderer.cpp(725,22): warning C4244: '=': 'float'에서 'int'(으)로 변환하면서 데이터가 손실될 수 있습니다.
C:\Users\user\Desktop\final\glcode1\Kinect_Sample_Re\Renderer.cpp(726,22): warning C4244: '=': 'float'에서 'int'(으)로 변환하면서 데이터가 손실될 수 있습니다.
C:\Users\user\Desktop\final\glcode1\Kinect_Sample_Re\Renderer.cpp(727,22): warning C4244: '=': 'float'에서 'int'(으)로 변환하면서 데이터가 손실될 수 있습니다.
C:\Users\user\Desktop\final\glcode1\Kinect_Sample_Re\Renderer.cpp(728,22): warning C4244: '=': 'float'에서 'int'(으)로 변환하면서 데이터가 손실될 수 있습니다.
C:\Users\user\Desktop\final\glcode1\Kinect_Sample_Re\Renderer.cpp(729,22): warning C4244: '=': 'float'에서 'int'(으)로 변환하면서 데이터가 손실될 수 있습니다.
C:\Users\user\Desktop\final\glcode1\Kinect_Sample_Re\Renderer.cpp(733,23): warning C4244: '=': 'float'에서 'int'(으)로 변환하면서 데이터가 손실될 수 있습니다.
C:\Users\user\Desktop\final\glcode1\Kinect_Sample_Re\Renderer.cpp(734,23): warning C4244: '=': 'float'에서 'int'(으)로 변환하면서 데이터가 손실될 수 있습니다.
C:\Users\user\Desktop\final\glcode1\Kinect_Sample_Re\Renderer.cpp(735,23): warning C4244: '=': 'float'에서 'int'(으)로 변환하면서 데이터가 손실될 수 있습니다.
C:\Users\user\Desktop\final\glcode1\Kinect_Sample_Re\Renderer.cpp(736,23): warning C4244: '=': 'float'에서 'int'(으)로 변환하면서 데이터가 손실될 수 있습니다.
C:\Users\user\Desktop\final\glcode1\Kinect_Sample_Re\Renderer.cpp(737,23): warning C4244: '=': 'float'에서 'int'(으)로 변환하면서 데이터가 손실될 수 있습니다.
C:\Users\user\Desktop\final\glcode1\Kinect_Sample_Re\Renderer.cpp(738,23): warning C4244: '=': 'float'에서 'int'(으)로 변환하면서 데이터가 손실될 수 있습니다.
C:\Users\user\Desktop\final\glcode1\Kinect_Sample_Re\Renderer.cpp(776,26): warning C4244: '=': 'double'에서 'float'(으)로 변환하면서 데이터가 손실될 수 있습니다.
C:\Users\user\Desktop\final\glcode1\Kinect_Sample_Re\Renderer.cpp(777,27): warning C4244: '=': 'double'에서 'float'(으)로 변환하면서 데이터가 손실될 수 있습니다.
C:\Users\user\Desktop\final\glcode1\Kinect_Sample_Re\Renderer.cpp(778,27): warning C4244: '=': 'double'에서 'float'(으)로 변환하면서 데이터가 손실될 수 있습니다.
C:\Users\user\Desktop\final\glcode1\Kinect_Sample_Re\Renderer.cpp(802,20): warning C4244: '=': 'float'에서 'int'(으)로 변환하면서 데이터가 손실될 수 있습니다.
C:\Users\user\Desktop\final\glcode1\Kinect_Sample_Re\Renderer.cpp(803,20): warning C4244: '=': 'float'에서 'int'(으)로 변환하면서 데이터가 손실될 수 있습니다.
C:\Users\user\Desktop\final\glcode1\Kinect_Sample_Re\Renderer.cpp(804,20): warning C4244: '=': 'float'에서 'int'(으)로 변환하면서 데이터가 손실될 수 있습니다.
C:\Users\user\Desktop\final\glcode1\Kinect_Sample_Re\Renderer.cpp(805,20): warning C4244: '=': 'float'에서 'int'(으)로 변환하면서 데이터가 손실될 수 있습니다.
C:\Users\user\Desktop\final\glcode1\Kinect_Sample_Re\Renderer.cpp(806,20): warning C4244: '=': 'float'에서 'int'(으)로 변환하면서 데이터가 손실될 수 있습니다.
C:\Users\user\Desktop\final\glcode1\Kinect_Sample_Re\Renderer.cpp(807,20): warning C4244: '=': 'float'에서 'int'(으)로 변환하면서 데이터가 손실될 수 있습니다.
C:\Users\user\Desktop\final\glcode1\Kinect_Sample_Re\Renderer.cpp(808,20): warning C4244: '=': 'float'에서 'int'(으)로 변환하면서 데이터가 손실될 수 있습니다.
C:\Users\user\Desktop\final\glcode1\Kinect_Sample_Re\Renderer.cpp(809,20): warning C4244: '=': 'float'에서 'int'(으)로 변환하면서 데이터가 손실될 수 있습니다.
C:\Users\user\Desktop\final\glcode1\Kinect_Sample_Re\Renderer.cpp(859,32): warning C4244: '=': 'double'에서 'float'(으)로 변환하면서 데이터가 손실될 수 있습니다.
C:\Users\user\Desktop\final\glcode1\Kinect_Sample_Re\Renderer.cpp(860,32): warning C4244: '=': 'double'에서 'float'(으)로 변환하면서 데이터가 손실될 수 있습니다.
C:\Users\user\Desktop\final\glcode1\Kinect_Sample_Re\Renderer.cpp(861,31): warning C4244: '=': 'double'에서 'float'(으)로 변환하면서 데이터가 손실될 수 있습니다.
C:\Users\user\Desktop\final\glcode1\Kinect_Sample_Re\Renderer.cpp(869,23): warning C4244: '=': 'float'에서 'int'(으)로 변환하면서 데이터가 손실될 수 있습니다.
C:\Users\user\Desktop\final\glcode1\Kinect_Sample_Re\Renderer.cpp(870,23): warning C4244: '=': 'float'에서 'int'(으)로 변환하면서 데이터가 손실될 수 있습니다.
C:\Users\user\Desktop\final\glcode1\Kinect_Sample_Re\Renderer.cpp(871,23): warning C4244: '=': 'float'에서 'int'(으)로 변환하면서 데이터가 손실될 수 있습니다.
C:\Users\user\Desktop\final\glcode1\Kinect_Sample_Re\Renderer.cpp(872,23): warning C4244: '=': 'float'에서 'int'(으)로 변환하면서 데이터가 손실될 수 있습니다.
C:\Users\user\Desktop\final\glcode1\Kinect_Sample_Re\Renderer.cpp(873,23): warning C4244: '=': 'float'에서 'int'(으)로 변환하면서 데이터가 손실될 수 있습니다.
C:\Users\user\Desktop\final\glcode1\Kinect_Sample_Re\Renderer.cpp(874,23): warning C4244: '=': 'float'에서 'int'(으)로 변환하면서 데이터가 손실될 수 있습니다.
C:\Users\user\Desktop\final\glcode1\Kinect_Sample_Re\Renderer.cpp(875,23): warning C4244: '=': 'float'에서 'int'(으)로 변환하면서 데이터가 손실될 수 있습니다.
C:\Users\user\Desktop\final\glcode1\Kinect_Sample_Re\Renderer.cpp(876,23): warning C4244: '=': 'float'에서 'int'(으)로 변환하면서 데이터가 손실될 수 있습니다.
C:\Users\user\Desktop\final\glcode1\Kinect_Sample_Re\Renderer.cpp(915,23): warning C4244: '=': 'float'에서 'int'(으)로 변환하면서 데이터가 손실될 수 있습니다.
C:\Users\user\Desktop\final\glcode1\Kinect_Sample_Re\Renderer.cpp(916,23): warning C4244: '=': 'float'에서 'int'(으)로 변환하면서 데이터가 손실될 수 있습니다.
C:\Users\user\Desktop\final\glcode1\Kinect_Sample_Re\Renderer.cpp(917,23): warning C4244: '=': 'float'에서 'int'(으)로 변환하면서 데이터가 손실될 수 있습니다.
C:\Users\user\Desktop\final\glcode1\Kinect_Sample_Re\Renderer.cpp(918,23): warning C4244: '=': 'float'에서 'int'(으)로 변환하면서 데이터가 손실될 수 있습니다.
C:\Users\user\Desktop\final\glcode1\Kinect_Sample_Re\Renderer.cpp(919,23): warning C4244: '=': 'float'에서 'int'(으)로 변환하면서 데이터가 손실될 수 있습니다.
C:\Users\user\Desktop\final\glcode1\Kinect_Sample_Re\Renderer.cpp(920,23): warning C4244: '=': 'float'에서 'int'(으)로 변환하면서 데이터가 손실될 수 있습니다.
C:\Users\user\Desktop\final\glcode1\Kinect_Sample_Re\Renderer.cpp(921,23): warning C4244: '=': 'float'에서 'int'(으)로 변환하면서 데이터가 손실될 수 있습니다.
C:\Users\user\Desktop\final\glcode1\Kinect_Sample_Re\Renderer.cpp(922,23): warning C4244: '=': 'float'에서 'int'(으)로 변환하면서 데이터가 손실될 수 있습니다.
C:\Users\user\Desktop\final\glcode1\Kinect_Sample_Re\Renderer.cpp(926,24): warning C4244: '=': 'float'에서 'int'(으)로 변환하면서 데이터가 손실될 수 있습니다.
C:\Users\user\Desktop\final\glcode1\Kinect_Sample_Re\Renderer.cpp(927,24): warning C4244: '=': 'float'에서 'int'(으)로 변환하면서 데이터가 손실될 수 있습니다.
C:\Users\user\Desktop\final\glcode1\Kinect_Sample_Re\Renderer.cpp(928,24): warning C4244: '=': 'float'에서 'int'(으)로 변환하면서 데이터가 손실될 수 있습니다.
C:\Users\user\Desktop\final\glcode1\Kinect_Sample_Re\Renderer.cpp(929,24): warning C4244: '=': 'float'에서 'int'(으)로 변환하면서 데이터가 손실될 수 있습니다.
C:\Users\user\Desktop\final\glcode1\Kinect_Sample_Re\Renderer.cpp(930,24): warning C4244: '=': 'float'에서 'int'(으)로 변환하면서 데이터가 손실될 수 있습니다.
C:\Users\user\Desktop\final\glcode1\Kinect_Sample_Re\Renderer.cpp(931,24): warning C4244: '=': 'float'에서 'int'(으)로 변환하면서 데이터가 손실될 수 있습니다.
C:\Users\user\Desktop\final\glcode1\Kinect_Sample_Re\Renderer.cpp(970,21): warning C4244: '=': 'float'에서 'int'(으)로 변환하면서 데이터가 손실될 수 있습니다.
C:\Users\user\Desktop\final\glcode1\Kinect_Sample_Re\Renderer.cpp(971,21): warning C4244: '=': 'float'에서 'int'(으)로 변환하면서 데이터가 손실될 수 있습니다.
C:\Users\user\Desktop\final\glcode1\Kinect_Sample_Re\Renderer.cpp(972,21): warning C4244: '=': 'float'에서 'int'(으)로 변환하면서 데이터가 손실될 수 있습니다.
C:\Users\user\Desktop\final\glcode1\Kinect_Sample_Re\Renderer.cpp(973,21): warning C4244: '=': 'float'에서 'int'(으)로 변환하면서 데이터가 손실될 수 있습니다.
C:\Users\user\Desktop\final\glcode1\Kinect_Sample_Re\Renderer.cpp(974,21): warning C4244: '=': 'float'에서 'int'(으)로 변환하면서 데이터가 손실될 수 있습니다.
C:\Users\user\Desktop\final\glcode1\Kinect_Sample_Re\Renderer.cpp(975,21): warning C4244: '=': 'float'에서 'int'(으)로 변환하면서 데이터가 손실될 수 있습니다.
C:\Users\user\Desktop\final\glcode1\Kinect_Sample_Re\Renderer.cpp(976,21): warning C4244: '=': 'float'에서 'int'(으)로 변환하면서 데이터가 손실될 수 있습니다.
C:\Users\user\Desktop\final\glcode1\Kinect_Sample_Re\Renderer.cpp(977,21): warning C4244: '=': 'float'에서 'int'(으)로 변환하면서 데이터가 손실될 수 있습니다.
C:\Users\user\Desktop\final\glcode1\Kinect_Sample_Re\Renderer.cpp(1035,21): warning C4244: '=': 'float'에서 'int'(으)로 변환하면서 데이터가 손실될 수 있습니다.
C:\Users\user\Desktop\final\glcode1\Kinect_Sample_Re\Renderer.cpp(1036,21): warning C4244: '=': 'float'에서 'int'(으)로 변환하면서 데이터가 손실될 수 있습니다.
C:\Users\user\Desktop\final\glcode1\Kinect_Sample_Re\Renderer.cpp(1037,21): warning C4244: '=': 'float'에서 'int'(으)로 변환하면서 데이터가 손실될 수 있습니다.
C:\Users\user\Desktop\final\glcode1\Kinect_Sample_Re\Renderer.cpp(1038,21): warning C4244: '=': 'float'에서 'int'(으)로 변환하면서 데이터가 손실될 수 있습니다.
C:\Users\user\Desktop\final\glcode1\Kinect_Sample_Re\Renderer.cpp(1039,21): warning C4244: '=': 'float'에서 'int'(으)로 변환하면서 데이터가 손실될 수 있습니다.
C:\Users\user\Desktop\final\glcode1\Kinect_Sample_Re\Renderer.cpp(1040,21): warning C4244: '=': 'float'에서 'int'(으)로 변환하면서 데이터가 손실될 수 있습니다.
C:\Users\user\Desktop\final\glcode1\Kinect_Sample_Re\Renderer.cpp(1041,21): warning C4244: '=': 'float'에서 'int'(으)로 변환하면서 데이터가 손실될 수 있습니다.
C:\Users\user\Desktop\final\glcode1\Kinect_Sample_Re\Renderer.cpp(1042,21): warning C4244: '=': 'float'에서 'int'(으)로 변환하면서 데이터가 손실될 수 있습니다.
C:\Users\user\Desktop\final\glcode1\Kinect_Sample_Re\Renderer.cpp(844,12): warning C4101: 'y5' :참조되지 않은 지역 변수입니다.
C:\Users\user\Desktop\final\glcode1\Kinect_Sample_Re\Renderer.cpp(844,8): warning C4101: 'x5' :참조되지 않은 지역 변수입니다.
C:\Users\user\Desktop\final\glcode1\Kinect_Sample_Re\Renderer.cpp(844,16): warning C4101: 'z5' :참조되지 않은 지역 변수입니다.
C:\Users\user\Desktop\final\glcode1\Kinect_Sample_Re\Renderer.cpp(690,7): warning C4101: 'ch' :참조되지 않은 지역 변수입니다.
  Kinect_Sample_Re.vcxproj -> C:\Users\user\Desktop\final\glcode1\x64\Debug\gltest.exe
